2022-04-11 16:31:34,365 [main] INFO  ar.com.itrsa.demoCitiBackEnd.DemoCitiBackEndApplicationTests (StartupInfoLogger.java:55) - Starting DemoCitiBackEndApplicationTests using Java 11.0.11 on ITRP0759 with PID 1680 (started by Cesar_Ramirez in D:\java\demoCitiBack)
2022-04-11 16:31:34,381 [main] DEBUG ar.com.itrsa.demoCitiBackEnd.DemoCitiBackEndApplicationTests (StartupInfoLogger.java:56) - Running with Spring Boot v2.6.6, Spring v5.3.18
2022-04-11 16:31:34,382 [main] INFO  ar.com.itrsa.demoCitiBackEnd.DemoCitiBackEndApplicationTests (SpringApplication.java:640) - No active profile set, falling back to 1 default profile: "default"
2022-04-11 16:31:40,647 [main] INFO  ar.com.itrsa.demoCitiBackEnd.DemoCitiBackEndApplicationTests (StartupInfoLogger.java:61) - Started DemoCitiBackEndApplicationTests in 6.702 seconds (JVM running for 9.183)
2022-04-11 17:31:52,102 [restartedMain] INFO  ar.com.itrsa.demoCitiBackEnd.DemoCitiBackEndApplication (StartupInfoLogger.java:55) - Starting DemoCitiBackEndApplication using Java 11.0.11 on ITRP0759 with PID 11572 (D:\java\demoCitiBack\target\classes started by Cesar_Ramirez in D:\java\demoCitiBack)
2022-04-11 17:31:52,113 [restartedMain] DEBUG ar.com.itrsa.demoCitiBackEnd.DemoCitiBackEndApplication (StartupInfoLogger.java:56) - Running with Spring Boot v2.6.6, Spring v5.3.18
2022-04-11 17:31:52,113 [restartedMain] INFO  ar.com.itrsa.demoCitiBackEnd.DemoCitiBackEndApplication (SpringApplication.java:640) - No active profile set, falling back to 1 default profile: "default"
2022-04-11 17:31:57,203 [restartedMain] INFO  ar.com.itrsa.demoCitiBackEnd.DemoCitiBackEndApplication (StartupInfoLogger.java:61) - Started DemoCitiBackEndApplication in 5.487 seconds (JVM running for 6.673)
2022-04-11 17:32:08,133 [http-nio-8089-exec-2] INFO  ar.com.itrsa.demoCitiBackEnd.controllers.UsuarioControllerBackEnd (UsuarioControllerBackEnd.java:48) - Obteniendo datos del usuario
2022-04-11 17:32:49,035 [http-nio-8089-exec-5] INFO  ar.com.itrsa.demoCitiBackEnd.controllers.UsuarioControllerBackEnd (UsuarioControllerBackEnd.java:48) - Obteniendo datos del usuario
2022-04-11 17:32:58,080 [http-nio-8089-exec-6] INFO  ar.com.itrsa.demoCitiBackEnd.controllers.UsuarioControllerBackEnd (UsuarioControllerBackEnd.java:48) - Obteniendo datos del usuario
2022-04-11 17:33:08,393 [http-nio-8089-exec-7] INFO  ar.com.itrsa.demoCitiBackEnd.controllers.UsuarioControllerBackEnd (UsuarioControllerBackEnd.java:48) - Obteniendo datos del usuario
2022-04-11 17:34:53,555 [restartedMain] INFO  ar.com.itrsa.demoCitiBackEnd.DemoCitiBackEndApplication (StartupInfoLogger.java:55) - Starting DemoCitiBackEndApplication using Java 11.0.11 on ITRP0759 with PID 11572 (D:\java\demoCitiBack\target\classes started by Cesar_Ramirez in D:\java\demoCitiBack)
2022-04-11 17:34:53,556 [restartedMain] DEBUG ar.com.itrsa.demoCitiBackEnd.DemoCitiBackEndApplication (StartupInfoLogger.java:56) - Running with Spring Boot v2.6.6, Spring v5.3.18
2022-04-11 17:34:53,556 [restartedMain] INFO  ar.com.itrsa.demoCitiBackEnd.DemoCitiBackEndApplication (SpringApplication.java:640) - No active profile set, falling back to 1 default profile: "default"
2022-04-11 17:34:54,558 [restartedMain] INFO  ar.com.itrsa.demoCitiBackEnd.DemoCitiBackEndApplication (StartupInfoLogger.java:61) - Started DemoCitiBackEndApplication in 1.056 seconds (JVM running for 184.027)
2022-04-11 17:39:08,181 [restartedMain] INFO  ar.com.itrsa.demoCitiBackEnd.DemoCitiBackEndApplication (StartupInfoLogger.java:55) - Starting DemoCitiBackEndApplication using Java 11.0.11 on ITRP0759 with PID 11572 (D:\java\demoCitiBack\target\classes started by Cesar_Ramirez in D:\java\demoCitiBack)
2022-04-11 17:39:08,190 [restartedMain] DEBUG ar.com.itrsa.demoCitiBackEnd.DemoCitiBackEndApplication (StartupInfoLogger.java:56) - Running with Spring Boot v2.6.6, Spring v5.3.18
2022-04-11 17:39:08,191 [restartedMain] INFO  ar.com.itrsa.demoCitiBackEnd.DemoCitiBackEndApplication (SpringApplication.java:640) - No active profile set, falling back to 1 default profile: "default"
2022-04-11 17:39:09,129 [restartedMain] INFO  ar.com.itrsa.demoCitiBackEnd.DemoCitiBackEndApplication (StartupInfoLogger.java:61) - Started DemoCitiBackEndApplication in 1.014 seconds (JVM running for 438.599)
2022-04-11 17:39:37,382 [restartedMain] INFO  ar.com.itrsa.demoCitiBackEnd.DemoCitiBackEndApplication (StartupInfoLogger.java:55) - Starting DemoCitiBackEndApplication using Java 11.0.11 on ITRP0759 with PID 11572 (D:\java\demoCitiBack\target\classes started by Cesar_Ramirez in D:\java\demoCitiBack)
2022-04-11 17:39:37,382 [restartedMain] DEBUG ar.com.itrsa.demoCitiBackEnd.DemoCitiBackEndApplication (StartupInfoLogger.java:56) - Running with Spring Boot v2.6.6, Spring v5.3.18
2022-04-11 17:39:37,382 [restartedMain] INFO  ar.com.itrsa.demoCitiBackEnd.DemoCitiBackEndApplication (SpringApplication.java:640) - No active profile set, falling back to 1 default profile: "default"
2022-04-11 17:39:37,916 [restartedMain] INFO  ar.com.itrsa.demoCitiBackEnd.DemoCitiBackEndApplication (StartupInfoLogger.java:61) - Started DemoCitiBackEndApplication in 0.576 seconds (JVM running for 467.385)
2022-04-11 17:39:39,767 [restartedMain] INFO  ar.com.itrsa.demoCitiBackEnd.DemoCitiBackEndApplication (StartupInfoLogger.java:55) - Starting DemoCitiBackEndApplication using Java 11.0.11 on ITRP0759 with PID 11572 (D:\java\demoCitiBack\target\classes started by Cesar_Ramirez in D:\java\demoCitiBack)
2022-04-11 17:39:39,768 [restartedMain] DEBUG ar.com.itrsa.demoCitiBackEnd.DemoCitiBackEndApplication (StartupInfoLogger.java:56) - Running with Spring Boot v2.6.6, Spring v5.3.18
2022-04-11 17:39:39,768 [restartedMain] INFO  ar.com.itrsa.demoCitiBackEnd.DemoCitiBackEndApplication (SpringApplication.java:640) - No active profile set, falling back to 1 default profile: "default"
2022-04-11 17:39:40,362 [restartedMain] INFO  ar.com.itrsa.demoCitiBackEnd.DemoCitiBackEndApplication (StartupInfoLogger.java:61) - Started DemoCitiBackEndApplication in 0.638 seconds (JVM running for 469.831)
2022-04-11 17:39:47,323 [restartedMain] INFO  ar.com.itrsa.demoCitiBackEnd.DemoCitiBackEndApplication (StartupInfoLogger.java:55) - Starting DemoCitiBackEndApplication using Java 11.0.11 on ITRP0759 with PID 11572 (D:\java\demoCitiBack\target\classes started by Cesar_Ramirez in D:\java\demoCitiBack)
2022-04-11 17:39:47,323 [restartedMain] DEBUG ar.com.itrsa.demoCitiBackEnd.DemoCitiBackEndApplication (StartupInfoLogger.java:56) - Running with Spring Boot v2.6.6, Spring v5.3.18
2022-04-11 17:39:47,323 [restartedMain] INFO  ar.com.itrsa.demoCitiBackEnd.DemoCitiBackEndApplication (SpringApplication.java:640) - No active profile set, falling back to 1 default profile: "default"
2022-04-11 17:39:47,811 [restartedMain] INFO  ar.com.itrsa.demoCitiBackEnd.DemoCitiBackEndApplication (StartupInfoLogger.java:61) - Started DemoCitiBackEndApplication in 0.528 seconds (JVM running for 477.28)
2022-04-11 17:40:12,006 [restartedMain] INFO  ar.com.itrsa.demoCitiBackEnd.DemoCitiBackEndApplication (StartupInfoLogger.java:55) - Starting DemoCitiBackEndApplication using Java 11.0.11 on ITRP0759 with PID 11572 (D:\java\demoCitiBack\target\classes started by Cesar_Ramirez in D:\java\demoCitiBack)
2022-04-11 17:40:12,006 [restartedMain] DEBUG ar.com.itrsa.demoCitiBackEnd.DemoCitiBackEndApplication (StartupInfoLogger.java:56) - Running with Spring Boot v2.6.6, Spring v5.3.18
2022-04-11 17:40:12,007 [restartedMain] INFO  ar.com.itrsa.demoCitiBackEnd.DemoCitiBackEndApplication (SpringApplication.java:640) - No active profile set, falling back to 1 default profile: "default"
2022-04-11 17:40:12,588 [restartedMain] INFO  ar.com.itrsa.demoCitiBackEnd.DemoCitiBackEndApplication (StartupInfoLogger.java:61) - Started DemoCitiBackEndApplication in 0.624 seconds (JVM running for 502.058)
2022-04-11 17:41:14,326 [restartedMain] INFO  ar.com.itrsa.demoCitiBackEnd.DemoCitiBackEndApplication (StartupInfoLogger.java:55) - Starting DemoCitiBackEndApplication using Java 11.0.11 on ITRP0759 with PID 11572 (D:\java\demoCitiBack\target\classes started by Cesar_Ramirez in D:\java\demoCitiBack)
2022-04-11 17:41:14,327 [restartedMain] DEBUG ar.com.itrsa.demoCitiBackEnd.DemoCitiBackEndApplication (StartupInfoLogger.java:56) - Running with Spring Boot v2.6.6, Spring v5.3.18
2022-04-11 17:41:14,327 [restartedMain] INFO  ar.com.itrsa.demoCitiBackEnd.DemoCitiBackEndApplication (SpringApplication.java:640) - No active profile set, falling back to 1 default profile: "default"
2022-04-11 17:41:15,048 [restartedMain] INFO  ar.com.itrsa.demoCitiBackEnd.DemoCitiBackEndApplication (StartupInfoLogger.java:61) - Started DemoCitiBackEndApplication in 0.76 seconds (JVM running for 564.518)
2022-04-11 17:41:22,014 [http-nio-8089-exec-2] INFO  ar.com.itrsa.demoCitiBackEnd.controllers.UsuarioControllerBackEnd (UsuarioControllerBackEnd.java:49) - Obteniendo datos del usuario
2022-04-11 17:41:22,015 [http-nio-8089-exec-2] ERROR ar.com.itrsa.demoCitiBackEnd.controllers.UsuarioControllerBackEnd (UsuarioControllerBackEnd.java:52) - Los datos enviados son incorrectos
ar.com.itrsa.demoCitiBackEnd.exception.BadRequestException: El numero de documento y el tipo de documento no pueden estar vacio
	at ar.com.itrsa.demoCitiBackEnd.services.UsuarioServiceBack.obtenerSaldoDesdeElBack(UsuarioServiceBack.java:69) ~[classes/:?]
	at ar.com.itrsa.demoCitiBackEnd.controllers.UsuarioControllerBackEnd.ObtenerSaldo(UsuarioControllerBackEnd.java:50) ~[classes/:?]
	at jdk.internal.reflect.NativeMethodAccessorImpl.invoke0(Native Method) ~[?:?]
	at jdk.internal.reflect.NativeMethodAccessorImpl.invoke(NativeMethodAccessorImpl.java:62) ~[?:?]
	at jdk.internal.reflect.DelegatingMethodAccessorImpl.invoke(DelegatingMethodAccessorImpl.java:43) ~[?:?]
	at java.lang.reflect.Method.invoke(Method.java:566) ~[?:?]
	at org.springframework.web.method.support.InvocableHandlerMethod.doInvoke(InvocableHandlerMethod.java:205) ~[spring-web-5.3.18.jar:5.3.18]
	at org.springframework.web.method.support.InvocableHandlerMethod.invokeForRequest(InvocableHandlerMethod.java:150) ~[spring-web-5.3.18.jar:5.3.18]
	at org.springframework.web.servlet.mvc.method.annotation.ServletInvocableHandlerMethod.invokeAndHandle(ServletInvocableHandlerMethod.java:117) ~[spring-webmvc-5.3.18.jar:5.3.18]
	at org.springframework.web.servlet.mvc.method.annotation.RequestMappingHandlerAdapter.invokeHandlerMethod(RequestMappingHandlerAdapter.java:895) ~[spring-webmvc-5.3.18.jar:5.3.18]
	at org.springframework.web.servlet.mvc.method.annotation.RequestMappingHandlerAdapter.handleInternal(RequestMappingHandlerAdapter.java:808) ~[spring-webmvc-5.3.18.jar:5.3.18]
	at org.springframework.web.servlet.mvc.method.AbstractHandlerMethodAdapter.handle(AbstractHandlerMethodAdapter.java:87) ~[spring-webmvc-5.3.18.jar:5.3.18]
	at org.springframework.web.servlet.DispatcherServlet.doDispatch(DispatcherServlet.java:1067) ~[spring-webmvc-5.3.18.jar:5.3.18]
	at org.springframework.web.servlet.DispatcherServlet.doService(DispatcherServlet.java:963) ~[spring-webmvc-5.3.18.jar:5.3.18]
	at org.springframework.web.servlet.FrameworkServlet.processRequest(FrameworkServlet.java:1006) ~[spring-webmvc-5.3.18.jar:5.3.18]
	at org.springframework.web.servlet.FrameworkServlet.doPost(FrameworkServlet.java:909) ~[spring-webmvc-5.3.18.jar:5.3.18]
	at javax.servlet.http.HttpServlet.service(HttpServlet.java:681) ~[tomcat-embed-core-9.0.60.jar:4.0.FR]
	at org.springframework.web.servlet.FrameworkServlet.service(FrameworkServlet.java:883) ~[spring-webmvc-5.3.18.jar:5.3.18]
	at javax.servlet.http.HttpServlet.service(HttpServlet.java:764) ~[tomcat-embed-core-9.0.60.jar:4.0.FR]
	at org.apache.catalina.core.ApplicationFilterChain.internalDoFilter(ApplicationFilterChain.java:227) ~[tomcat-embed-core-9.0.60.jar:9.0.60]
	at org.apache.catalina.core.ApplicationFilterChain.doFilter(ApplicationFilterChain.java:162) ~[tomcat-embed-core-9.0.60.jar:9.0.60]
	at org.apache.tomcat.websocket.server.WsFilter.doFilter(WsFilter.java:53) ~[tomcat-embed-websocket-9.0.60.jar:9.0.60]
	at org.apache.catalina.core.ApplicationFilterChain.internalDoFilter(ApplicationFilterChain.java:189) ~[tomcat-embed-core-9.0.60.jar:9.0.60]
	at org.apache.catalina.core.ApplicationFilterChain.doFilter(ApplicationFilterChain.java:162) ~[tomcat-embed-core-9.0.60.jar:9.0.60]
	at org.springframework.web.filter.RequestContextFilter.doFilterInternal(RequestContextFilter.java:100) ~[spring-web-5.3.18.jar:5.3.18]
	at org.springframework.web.filter.OncePerRequestFilter.doFilter(OncePerRequestFilter.java:117) ~[spring-web-5.3.18.jar:5.3.18]
	at org.apache.catalina.core.ApplicationFilterChain.internalDoFilter(ApplicationFilterChain.java:189) ~[tomcat-embed-core-9.0.60.jar:9.0.60]
	at org.apache.catalina.core.ApplicationFilterChain.doFilter(ApplicationFilterChain.java:162) ~[tomcat-embed-core-9.0.60.jar:9.0.60]
	at org.springframework.web.filter.FormContentFilter.doFilterInternal(FormContentFilter.java:93) ~[spring-web-5.3.18.jar:5.3.18]
	at org.springframework.web.filter.OncePerRequestFilter.doFilter(OncePerRequestFilter.java:117) ~[spring-web-5.3.18.jar:5.3.18]
	at org.apache.catalina.core.ApplicationFilterChain.internalDoFilter(ApplicationFilterChain.java:189) ~[tomcat-embed-core-9.0.60.jar:9.0.60]
	at org.apache.catalina.core.ApplicationFilterChain.doFilter(ApplicationFilterChain.java:162) ~[tomcat-embed-core-9.0.60.jar:9.0.60]
	at org.springframework.web.filter.CharacterEncodingFilter.doFilterInternal(CharacterEncodingFilter.java:201) ~[spring-web-5.3.18.jar:5.3.18]
	at org.springframework.web.filter.OncePerRequestFilter.doFilter(OncePerRequestFilter.java:117) ~[spring-web-5.3.18.jar:5.3.18]
	at org.apache.catalina.core.ApplicationFilterChain.internalDoFilter(ApplicationFilterChain.java:189) ~[tomcat-embed-core-9.0.60.jar:9.0.60]
	at org.apache.catalina.core.ApplicationFilterChain.doFilter(ApplicationFilterChain.java:162) ~[tomcat-embed-core-9.0.60.jar:9.0.60]
	at org.apache.catalina.core.StandardWrapperValve.invoke(StandardWrapperValve.java:197) ~[tomcat-embed-core-9.0.60.jar:9.0.60]
	at org.apache.catalina.core.StandardContextValve.invoke(StandardContextValve.java:97) ~[tomcat-embed-core-9.0.60.jar:9.0.60]
	at org.apache.catalina.authenticator.AuthenticatorBase.invoke(AuthenticatorBase.java:541) ~[tomcat-embed-core-9.0.60.jar:9.0.60]
	at org.apache.catalina.core.StandardHostValve.invoke(StandardHostValve.java:135) ~[tomcat-embed-core-9.0.60.jar:9.0.60]
	at org.apache.catalina.valves.ErrorReportValve.invoke(ErrorReportValve.java:92) ~[tomcat-embed-core-9.0.60.jar:9.0.60]
	at org.apache.catalina.core.StandardEngineValve.invoke(StandardEngineValve.java:78) ~[tomcat-embed-core-9.0.60.jar:9.0.60]
	at org.apache.catalina.connector.CoyoteAdapter.service(CoyoteAdapter.java:360) ~[tomcat-embed-core-9.0.60.jar:9.0.60]
	at org.apache.coyote.http11.Http11Processor.service(Http11Processor.java:399) ~[tomcat-embed-core-9.0.60.jar:9.0.60]
	at org.apache.coyote.AbstractProcessorLight.process(AbstractProcessorLight.java:65) ~[tomcat-embed-core-9.0.60.jar:9.0.60]
	at org.apache.coyote.AbstractProtocol$ConnectionHandler.process(AbstractProtocol.java:889) ~[tomcat-embed-core-9.0.60.jar:9.0.60]
	at org.apache.tomcat.util.net.NioEndpoint$SocketProcessor.doRun(NioEndpoint.java:1743) ~[tomcat-embed-core-9.0.60.jar:9.0.60]
	at org.apache.tomcat.util.net.SocketProcessorBase.run(SocketProcessorBase.java:49) ~[tomcat-embed-core-9.0.60.jar:9.0.60]
	at org.apache.tomcat.util.threads.ThreadPoolExecutor.runWorker(ThreadPoolExecutor.java:1191) ~[tomcat-embed-core-9.0.60.jar:9.0.60]
	at org.apache.tomcat.util.threads.ThreadPoolExecutor$Worker.run(ThreadPoolExecutor.java:659) ~[tomcat-embed-core-9.0.60.jar:9.0.60]
	at org.apache.tomcat.util.threads.TaskThread$WrappingRunnable.run(TaskThread.java:61) ~[tomcat-embed-core-9.0.60.jar:9.0.60]
	at java.lang.Thread.run(Thread.java:834) ~[?:?]
2022-04-11 17:41:35,435 [http-nio-8089-exec-4] INFO  ar.com.itrsa.demoCitiBackEnd.controllers.UsuarioControllerBackEnd (UsuarioControllerBackEnd.java:49) - Obteniendo datos del usuario
2022-04-11 17:41:42,464 [http-nio-8089-exec-5] INFO  ar.com.itrsa.demoCitiBackEnd.controllers.UsuarioControllerBackEnd (UsuarioControllerBackEnd.java:49) - Obteniendo datos del usuario
2022-04-11 17:41:42,465 [http-nio-8089-exec-5] ERROR ar.com.itrsa.demoCitiBackEnd.controllers.UsuarioControllerBackEnd (UsuarioControllerBackEnd.java:52) - Los datos enviados son incorrectos
ar.com.itrsa.demoCitiBackEnd.exception.BadRequestException: El numero de documento y el tipo de documento no pueden estar vacio
	at ar.com.itrsa.demoCitiBackEnd.services.UsuarioServiceBack.obtenerSaldoDesdeElBack(UsuarioServiceBack.java:69) ~[classes/:?]
	at ar.com.itrsa.demoCitiBackEnd.controllers.UsuarioControllerBackEnd.ObtenerSaldo(UsuarioControllerBackEnd.java:50) ~[classes/:?]
	at jdk.internal.reflect.NativeMethodAccessorImpl.invoke0(Native Method) ~[?:?]
	at jdk.internal.reflect.NativeMethodAccessorImpl.invoke(NativeMethodAccessorImpl.java:62) ~[?:?]
	at jdk.internal.reflect.DelegatingMethodAccessorImpl.invoke(DelegatingMethodAccessorImpl.java:43) ~[?:?]
	at java.lang.reflect.Method.invoke(Method.java:566) ~[?:?]
	at org.springframework.web.method.support.InvocableHandlerMethod.doInvoke(InvocableHandlerMethod.java:205) ~[spring-web-5.3.18.jar:5.3.18]
	at org.springframework.web.method.support.InvocableHandlerMethod.invokeForRequest(InvocableHandlerMethod.java:150) ~[spring-web-5.3.18.jar:5.3.18]
	at org.springframework.web.servlet.mvc.method.annotation.ServletInvocableHandlerMethod.invokeAndHandle(ServletInvocableHandlerMethod.java:117) ~[spring-webmvc-5.3.18.jar:5.3.18]
	at org.springframework.web.servlet.mvc.method.annotation.RequestMappingHandlerAdapter.invokeHandlerMethod(RequestMappingHandlerAdapter.java:895) ~[spring-webmvc-5.3.18.jar:5.3.18]
	at org.springframework.web.servlet.mvc.method.annotation.RequestMappingHandlerAdapter.handleInternal(RequestMappingHandlerAdapter.java:808) ~[spring-webmvc-5.3.18.jar:5.3.18]
	at org.springframework.web.servlet.mvc.method.AbstractHandlerMethodAdapter.handle(AbstractHandlerMethodAdapter.java:87) ~[spring-webmvc-5.3.18.jar:5.3.18]
	at org.springframework.web.servlet.DispatcherServlet.doDispatch(DispatcherServlet.java:1067) ~[spring-webmvc-5.3.18.jar:5.3.18]
	at org.springframework.web.servlet.DispatcherServlet.doService(DispatcherServlet.java:963) ~[spring-webmvc-5.3.18.jar:5.3.18]
	at org.springframework.web.servlet.FrameworkServlet.processRequest(FrameworkServlet.java:1006) ~[spring-webmvc-5.3.18.jar:5.3.18]
	at org.springframework.web.servlet.FrameworkServlet.doPost(FrameworkServlet.java:909) ~[spring-webmvc-5.3.18.jar:5.3.18]
	at javax.servlet.http.HttpServlet.service(HttpServlet.java:681) ~[tomcat-embed-core-9.0.60.jar:4.0.FR]
	at org.springframework.web.servlet.FrameworkServlet.service(FrameworkServlet.java:883) ~[spring-webmvc-5.3.18.jar:5.3.18]
	at javax.servlet.http.HttpServlet.service(HttpServlet.java:764) ~[tomcat-embed-core-9.0.60.jar:4.0.FR]
	at org.apache.catalina.core.ApplicationFilterChain.internalDoFilter(ApplicationFilterChain.java:227) ~[tomcat-embed-core-9.0.60.jar:9.0.60]
	at org.apache.catalina.core.ApplicationFilterChain.doFilter(ApplicationFilterChain.java:162) ~[tomcat-embed-core-9.0.60.jar:9.0.60]
	at org.apache.tomcat.websocket.server.WsFilter.doFilter(WsFilter.java:53) ~[tomcat-embed-websocket-9.0.60.jar:9.0.60]
	at org.apache.catalina.core.ApplicationFilterChain.internalDoFilter(ApplicationFilterChain.java:189) ~[tomcat-embed-core-9.0.60.jar:9.0.60]
	at org.apache.catalina.core.ApplicationFilterChain.doFilter(ApplicationFilterChain.java:162) ~[tomcat-embed-core-9.0.60.jar:9.0.60]
	at org.springframework.web.filter.RequestContextFilter.doFilterInternal(RequestContextFilter.java:100) ~[spring-web-5.3.18.jar:5.3.18]
	at org.springframework.web.filter.OncePerRequestFilter.doFilter(OncePerRequestFilter.java:117) ~[spring-web-5.3.18.jar:5.3.18]
	at org.apache.catalina.core.ApplicationFilterChain.internalDoFilter(ApplicationFilterChain.java:189) ~[tomcat-embed-core-9.0.60.jar:9.0.60]
	at org.apache.catalina.core.ApplicationFilterChain.doFilter(ApplicationFilterChain.java:162) ~[tomcat-embed-core-9.0.60.jar:9.0.60]
	at org.springframework.web.filter.FormContentFilter.doFilterInternal(FormContentFilter.java:93) ~[spring-web-5.3.18.jar:5.3.18]
	at org.springframework.web.filter.OncePerRequestFilter.doFilter(OncePerRequestFilter.java:117) ~[spring-web-5.3.18.jar:5.3.18]
	at org.apache.catalina.core.ApplicationFilterChain.internalDoFilter(ApplicationFilterChain.java:189) ~[tomcat-embed-core-9.0.60.jar:9.0.60]
	at org.apache.catalina.core.ApplicationFilterChain.doFilter(ApplicationFilterChain.java:162) ~[tomcat-embed-core-9.0.60.jar:9.0.60]
	at org.springframework.web.filter.CharacterEncodingFilter.doFilterInternal(CharacterEncodingFilter.java:201) ~[spring-web-5.3.18.jar:5.3.18]
	at org.springframework.web.filter.OncePerRequestFilter.doFilter(OncePerRequestFilter.java:117) ~[spring-web-5.3.18.jar:5.3.18]
	at org.apache.catalina.core.ApplicationFilterChain.internalDoFilter(ApplicationFilterChain.java:189) ~[tomcat-embed-core-9.0.60.jar:9.0.60]
	at org.apache.catalina.core.ApplicationFilterChain.doFilter(ApplicationFilterChain.java:162) ~[tomcat-embed-core-9.0.60.jar:9.0.60]
	at org.apache.catalina.core.StandardWrapperValve.invoke(StandardWrapperValve.java:197) ~[tomcat-embed-core-9.0.60.jar:9.0.60]
	at org.apache.catalina.core.StandardContextValve.invoke(StandardContextValve.java:97) ~[tomcat-embed-core-9.0.60.jar:9.0.60]
	at org.apache.catalina.authenticator.AuthenticatorBase.invoke(AuthenticatorBase.java:541) ~[tomcat-embed-core-9.0.60.jar:9.0.60]
	at org.apache.catalina.core.StandardHostValve.invoke(StandardHostValve.java:135) ~[tomcat-embed-core-9.0.60.jar:9.0.60]
	at org.apache.catalina.valves.ErrorReportValve.invoke(ErrorReportValve.java:92) ~[tomcat-embed-core-9.0.60.jar:9.0.60]
	at org.apache.catalina.core.StandardEngineValve.invoke(StandardEngineValve.java:78) ~[tomcat-embed-core-9.0.60.jar:9.0.60]
	at org.apache.catalina.connector.CoyoteAdapter.service(CoyoteAdapter.java:360) ~[tomcat-embed-core-9.0.60.jar:9.0.60]
	at org.apache.coyote.http11.Http11Processor.service(Http11Processor.java:399) ~[tomcat-embed-core-9.0.60.jar:9.0.60]
	at org.apache.coyote.AbstractProcessorLight.process(AbstractProcessorLight.java:65) ~[tomcat-embed-core-9.0.60.jar:9.0.60]
	at org.apache.coyote.AbstractProtocol$ConnectionHandler.process(AbstractProtocol.java:889) ~[tomcat-embed-core-9.0.60.jar:9.0.60]
	at org.apache.tomcat.util.net.NioEndpoint$SocketProcessor.doRun(NioEndpoint.java:1743) ~[tomcat-embed-core-9.0.60.jar:9.0.60]
	at org.apache.tomcat.util.net.SocketProcessorBase.run(SocketProcessorBase.java:49) ~[tomcat-embed-core-9.0.60.jar:9.0.60]
	at org.apache.tomcat.util.threads.ThreadPoolExecutor.runWorker(ThreadPoolExecutor.java:1191) ~[tomcat-embed-core-9.0.60.jar:9.0.60]
	at org.apache.tomcat.util.threads.ThreadPoolExecutor$Worker.run(ThreadPoolExecutor.java:659) ~[tomcat-embed-core-9.0.60.jar:9.0.60]
	at org.apache.tomcat.util.threads.TaskThread$WrappingRunnable.run(TaskThread.java:61) ~[tomcat-embed-core-9.0.60.jar:9.0.60]
	at java.lang.Thread.run(Thread.java:834) ~[?:?]
2022-04-11 17:42:43,701 [http-nio-8089-exec-9] INFO  ar.com.itrsa.demoCitiBackEnd.controllers.UsuarioControllerBackEnd (UsuarioControllerBackEnd.java:49) - Obteniendo datos del usuario
2022-04-11 17:42:43,701 [http-nio-8089-exec-9] ERROR ar.com.itrsa.demoCitiBackEnd.controllers.UsuarioControllerBackEnd (UsuarioControllerBackEnd.java:52) - Los datos enviados son incorrectos
ar.com.itrsa.demoCitiBackEnd.exception.BadRequestException: El numero de documento y el tipo de documento no pueden estar vacio
	at ar.com.itrsa.demoCitiBackEnd.services.UsuarioServiceBack.obtenerSaldoDesdeElBack(UsuarioServiceBack.java:69) ~[classes/:?]
	at ar.com.itrsa.demoCitiBackEnd.controllers.UsuarioControllerBackEnd.ObtenerSaldo(UsuarioControllerBackEnd.java:50) ~[classes/:?]
	at jdk.internal.reflect.NativeMethodAccessorImpl.invoke0(Native Method) ~[?:?]
	at jdk.internal.reflect.NativeMethodAccessorImpl.invoke(NativeMethodAccessorImpl.java:62) ~[?:?]
	at jdk.internal.reflect.DelegatingMethodAccessorImpl.invoke(DelegatingMethodAccessorImpl.java:43) ~[?:?]
	at java.lang.reflect.Method.invoke(Method.java:566) ~[?:?]
	at org.springframework.web.method.support.InvocableHandlerMethod.doInvoke(InvocableHandlerMethod.java:205) ~[spring-web-5.3.18.jar:5.3.18]
	at org.springframework.web.method.support.InvocableHandlerMethod.invokeForRequest(InvocableHandlerMethod.java:150) ~[spring-web-5.3.18.jar:5.3.18]
	at org.springframework.web.servlet.mvc.method.annotation.ServletInvocableHandlerMethod.invokeAndHandle(ServletInvocableHandlerMethod.java:117) ~[spring-webmvc-5.3.18.jar:5.3.18]
	at org.springframework.web.servlet.mvc.method.annotation.RequestMappingHandlerAdapter.invokeHandlerMethod(RequestMappingHandlerAdapter.java:895) ~[spring-webmvc-5.3.18.jar:5.3.18]
	at org.springframework.web.servlet.mvc.method.annotation.RequestMappingHandlerAdapter.handleInternal(RequestMappingHandlerAdapter.java:808) ~[spring-webmvc-5.3.18.jar:5.3.18]
	at org.springframework.web.servlet.mvc.method.AbstractHandlerMethodAdapter.handle(AbstractHandlerMethodAdapter.java:87) ~[spring-webmvc-5.3.18.jar:5.3.18]
	at org.springframework.web.servlet.DispatcherServlet.doDispatch(DispatcherServlet.java:1067) ~[spring-webmvc-5.3.18.jar:5.3.18]
	at org.springframework.web.servlet.DispatcherServlet.doService(DispatcherServlet.java:963) ~[spring-webmvc-5.3.18.jar:5.3.18]
	at org.springframework.web.servlet.FrameworkServlet.processRequest(FrameworkServlet.java:1006) ~[spring-webmvc-5.3.18.jar:5.3.18]
	at org.springframework.web.servlet.FrameworkServlet.doPost(FrameworkServlet.java:909) ~[spring-webmvc-5.3.18.jar:5.3.18]
	at javax.servlet.http.HttpServlet.service(HttpServlet.java:681) ~[tomcat-embed-core-9.0.60.jar:4.0.FR]
	at org.springframework.web.servlet.FrameworkServlet.service(FrameworkServlet.java:883) ~[spring-webmvc-5.3.18.jar:5.3.18]
	at javax.servlet.http.HttpServlet.service(HttpServlet.java:764) ~[tomcat-embed-core-9.0.60.jar:4.0.FR]
	at org.apache.catalina.core.ApplicationFilterChain.internalDoFilter(ApplicationFilterChain.java:227) ~[tomcat-embed-core-9.0.60.jar:9.0.60]
	at org.apache.catalina.core.ApplicationFilterChain.doFilter(ApplicationFilterChain.java:162) ~[tomcat-embed-core-9.0.60.jar:9.0.60]
	at org.apache.tomcat.websocket.server.WsFilter.doFilter(WsFilter.java:53) ~[tomcat-embed-websocket-9.0.60.jar:9.0.60]
	at org.apache.catalina.core.ApplicationFilterChain.internalDoFilter(ApplicationFilterChain.java:189) ~[tomcat-embed-core-9.0.60.jar:9.0.60]
	at org.apache.catalina.core.ApplicationFilterChain.doFilter(ApplicationFilterChain.java:162) ~[tomcat-embed-core-9.0.60.jar:9.0.60]
	at org.springframework.web.filter.RequestContextFilter.doFilterInternal(RequestContextFilter.java:100) ~[spring-web-5.3.18.jar:5.3.18]
	at org.springframework.web.filter.OncePerRequestFilter.doFilter(OncePerRequestFilter.java:117) ~[spring-web-5.3.18.jar:5.3.18]
	at org.apache.catalina.core.ApplicationFilterChain.internalDoFilter(ApplicationFilterChain.java:189) ~[tomcat-embed-core-9.0.60.jar:9.0.60]
	at org.apache.catalina.core.ApplicationFilterChain.doFilter(ApplicationFilterChain.java:162) ~[tomcat-embed-core-9.0.60.jar:9.0.60]
	at org.springframework.web.filter.FormContentFilter.doFilterInternal(FormContentFilter.java:93) ~[spring-web-5.3.18.jar:5.3.18]
	at org.springframework.web.filter.OncePerRequestFilter.doFilter(OncePerRequestFilter.java:117) ~[spring-web-5.3.18.jar:5.3.18]
	at org.apache.catalina.core.ApplicationFilterChain.internalDoFilter(ApplicationFilterChain.java:189) ~[tomcat-embed-core-9.0.60.jar:9.0.60]
	at org.apache.catalina.core.ApplicationFilterChain.doFilter(ApplicationFilterChain.java:162) ~[tomcat-embed-core-9.0.60.jar:9.0.60]
	at org.springframework.web.filter.CharacterEncodingFilter.doFilterInternal(CharacterEncodingFilter.java:201) ~[spring-web-5.3.18.jar:5.3.18]
	at org.springframework.web.filter.OncePerRequestFilter.doFilter(OncePerRequestFilter.java:117) ~[spring-web-5.3.18.jar:5.3.18]
	at org.apache.catalina.core.ApplicationFilterChain.internalDoFilter(ApplicationFilterChain.java:189) ~[tomcat-embed-core-9.0.60.jar:9.0.60]
	at org.apache.catalina.core.ApplicationFilterChain.doFilter(ApplicationFilterChain.java:162) ~[tomcat-embed-core-9.0.60.jar:9.0.60]
	at org.apache.catalina.core.StandardWrapperValve.invoke(StandardWrapperValve.java:197) ~[tomcat-embed-core-9.0.60.jar:9.0.60]
	at org.apache.catalina.core.StandardContextValve.invoke(StandardContextValve.java:97) ~[tomcat-embed-core-9.0.60.jar:9.0.60]
	at org.apache.catalina.authenticator.AuthenticatorBase.invoke(AuthenticatorBase.java:541) ~[tomcat-embed-core-9.0.60.jar:9.0.60]
	at org.apache.catalina.core.StandardHostValve.invoke(StandardHostValve.java:135) ~[tomcat-embed-core-9.0.60.jar:9.0.60]
	at org.apache.catalina.valves.ErrorReportValve.invoke(ErrorReportValve.java:92) ~[tomcat-embed-core-9.0.60.jar:9.0.60]
	at org.apache.catalina.core.StandardEngineValve.invoke(StandardEngineValve.java:78) ~[tomcat-embed-core-9.0.60.jar:9.0.60]
	at org.apache.catalina.connector.CoyoteAdapter.service(CoyoteAdapter.java:360) ~[tomcat-embed-core-9.0.60.jar:9.0.60]
	at org.apache.coyote.http11.Http11Processor.service(Http11Processor.java:399) ~[tomcat-embed-core-9.0.60.jar:9.0.60]
	at org.apache.coyote.AbstractProcessorLight.process(AbstractProcessorLight.java:65) ~[tomcat-embed-core-9.0.60.jar:9.0.60]
	at org.apache.coyote.AbstractProtocol$ConnectionHandler.process(AbstractProtocol.java:889) ~[tomcat-embed-core-9.0.60.jar:9.0.60]
	at org.apache.tomcat.util.net.NioEndpoint$SocketProcessor.doRun(NioEndpoint.java:1743) ~[tomcat-embed-core-9.0.60.jar:9.0.60]
	at org.apache.tomcat.util.net.SocketProcessorBase.run(SocketProcessorBase.java:49) ~[tomcat-embed-core-9.0.60.jar:9.0.60]
	at org.apache.tomcat.util.threads.ThreadPoolExecutor.runWorker(ThreadPoolExecutor.java:1191) ~[tomcat-embed-core-9.0.60.jar:9.0.60]
	at org.apache.tomcat.util.threads.ThreadPoolExecutor$Worker.run(ThreadPoolExecutor.java:659) ~[tomcat-embed-core-9.0.60.jar:9.0.60]
	at org.apache.tomcat.util.threads.TaskThread$WrappingRunnable.run(TaskThread.java:61) ~[tomcat-embed-core-9.0.60.jar:9.0.60]
	at java.lang.Thread.run(Thread.java:834) ~[?:?]
2022-04-11 17:48:53,026 [restartedMain] INFO  ar.com.itrsa.demoCitiBackEnd.DemoCitiBackEndApplication (StartupInfoLogger.java:55) - Starting DemoCitiBackEndApplication using Java 11.0.11 on ITRP0759 with PID 11572 (D:\java\demoCitiBack\target\classes started by Cesar_Ramirez in D:\java\demoCitiBack)
2022-04-11 17:48:53,052 [restartedMain] DEBUG ar.com.itrsa.demoCitiBackEnd.DemoCitiBackEndApplication (StartupInfoLogger.java:56) - Running with Spring Boot v2.6.6, Spring v5.3.18
2022-04-11 17:48:53,053 [restartedMain] INFO  ar.com.itrsa.demoCitiBackEnd.DemoCitiBackEndApplication (SpringApplication.java:640) - No active profile set, falling back to 1 default profile: "default"
2022-04-11 17:49:22,767 [restartedMain] INFO  ar.com.itrsa.demoCitiBackEnd.DemoCitiBackEndApplication (StartupInfoLogger.java:55) - Starting DemoCitiBackEndApplication using Java 11.0.11 on ITRP0759 with PID 11572 (D:\java\demoCitiBack\target\classes started by Cesar_Ramirez in D:\java\demoCitiBack)
2022-04-11 17:49:22,767 [restartedMain] DEBUG ar.com.itrsa.demoCitiBackEnd.DemoCitiBackEndApplication (StartupInfoLogger.java:56) - Running with Spring Boot v2.6.6, Spring v5.3.18
2022-04-11 17:49:22,767 [restartedMain] INFO  ar.com.itrsa.demoCitiBackEnd.DemoCitiBackEndApplication (SpringApplication.java:640) - No active profile set, falling back to 1 default profile: "default"
2022-04-11 17:49:23,569 [restartedMain] INFO  ar.com.itrsa.demoCitiBackEnd.DemoCitiBackEndApplication (StartupInfoLogger.java:61) - Started DemoCitiBackEndApplication in 0.839 seconds (JVM running for 1053.038)
2022-04-11 17:49:30,229 [http-nio-8089-exec-3] INFO  ar.com.itrsa.demoCitiBackEnd.controllers.UsuarioControllerBackEnd (UsuarioControllerBackEnd.java:49) - Obteniendo datos del usuario
2022-04-11 17:49:30,231 [http-nio-8089-exec-3] ERROR ar.com.itrsa.demoCitiBackEnd.controllers.UsuarioControllerBackEnd (UsuarioControllerBackEnd.java:52) - Los datos enviados son incorrectos
ar.com.itrsa.demoCitiBackEnd.exception.BadRequestException: El numero de documento y el tipo de documento no pueden estar vacio
	at ar.com.itrsa.demoCitiBackEnd.services.UsuarioServiceBack.obtenerSaldoDesdeElBack(UsuarioServiceBack.java:69) ~[classes/:?]
	at ar.com.itrsa.demoCitiBackEnd.controllers.UsuarioControllerBackEnd.ObtenerSaldo(UsuarioControllerBackEnd.java:50) ~[classes/:?]
	at jdk.internal.reflect.NativeMethodAccessorImpl.invoke0(Native Method) ~[?:?]
	at jdk.internal.reflect.NativeMethodAccessorImpl.invoke(NativeMethodAccessorImpl.java:62) ~[?:?]
	at jdk.internal.reflect.DelegatingMethodAccessorImpl.invoke(DelegatingMethodAccessorImpl.java:43) ~[?:?]
	at java.lang.reflect.Method.invoke(Method.java:566) ~[?:?]
	at org.springframework.web.method.support.InvocableHandlerMethod.doInvoke(InvocableHandlerMethod.java:205) ~[spring-web-5.3.18.jar:5.3.18]
	at org.springframework.web.method.support.InvocableHandlerMethod.invokeForRequest(InvocableHandlerMethod.java:150) ~[spring-web-5.3.18.jar:5.3.18]
	at org.springframework.web.servlet.mvc.method.annotation.ServletInvocableHandlerMethod.invokeAndHandle(ServletInvocableHandlerMethod.java:117) ~[spring-webmvc-5.3.18.jar:5.3.18]
	at org.springframework.web.servlet.mvc.method.annotation.RequestMappingHandlerAdapter.invokeHandlerMethod(RequestMappingHandlerAdapter.java:895) ~[spring-webmvc-5.3.18.jar:5.3.18]
	at org.springframework.web.servlet.mvc.method.annotation.RequestMappingHandlerAdapter.handleInternal(RequestMappingHandlerAdapter.java:808) ~[spring-webmvc-5.3.18.jar:5.3.18]
	at org.springframework.web.servlet.mvc.method.AbstractHandlerMethodAdapter.handle(AbstractHandlerMethodAdapter.java:87) ~[spring-webmvc-5.3.18.jar:5.3.18]
	at org.springframework.web.servlet.DispatcherServlet.doDispatch(DispatcherServlet.java:1067) ~[spring-webmvc-5.3.18.jar:5.3.18]
	at org.springframework.web.servlet.DispatcherServlet.doService(DispatcherServlet.java:963) ~[spring-webmvc-5.3.18.jar:5.3.18]
	at org.springframework.web.servlet.FrameworkServlet.processRequest(FrameworkServlet.java:1006) ~[spring-webmvc-5.3.18.jar:5.3.18]
	at org.springframework.web.servlet.FrameworkServlet.doPost(FrameworkServlet.java:909) ~[spring-webmvc-5.3.18.jar:5.3.18]
	at javax.servlet.http.HttpServlet.service(HttpServlet.java:681) ~[tomcat-embed-core-9.0.60.jar:4.0.FR]
	at org.springframework.web.servlet.FrameworkServlet.service(FrameworkServlet.java:883) ~[spring-webmvc-5.3.18.jar:5.3.18]
	at javax.servlet.http.HttpServlet.service(HttpServlet.java:764) ~[tomcat-embed-core-9.0.60.jar:4.0.FR]
	at org.apache.catalina.core.ApplicationFilterChain.internalDoFilter(ApplicationFilterChain.java:227) ~[tomcat-embed-core-9.0.60.jar:9.0.60]
	at org.apache.catalina.core.ApplicationFilterChain.doFilter(ApplicationFilterChain.java:162) ~[tomcat-embed-core-9.0.60.jar:9.0.60]
	at org.apache.tomcat.websocket.server.WsFilter.doFilter(WsFilter.java:53) ~[tomcat-embed-websocket-9.0.60.jar:9.0.60]
	at org.apache.catalina.core.ApplicationFilterChain.internalDoFilter(ApplicationFilterChain.java:189) ~[tomcat-embed-core-9.0.60.jar:9.0.60]
	at org.apache.catalina.core.ApplicationFilterChain.doFilter(ApplicationFilterChain.java:162) ~[tomcat-embed-core-9.0.60.jar:9.0.60]
	at org.springframework.web.filter.RequestContextFilter.doFilterInternal(RequestContextFilter.java:100) ~[spring-web-5.3.18.jar:5.3.18]
	at org.springframework.web.filter.OncePerRequestFilter.doFilter(OncePerRequestFilter.java:117) ~[spring-web-5.3.18.jar:5.3.18]
	at org.apache.catalina.core.ApplicationFilterChain.internalDoFilter(ApplicationFilterChain.java:189) ~[tomcat-embed-core-9.0.60.jar:9.0.60]
	at org.apache.catalina.core.ApplicationFilterChain.doFilter(ApplicationFilterChain.java:162) ~[tomcat-embed-core-9.0.60.jar:9.0.60]
	at org.springframework.web.filter.FormContentFilter.doFilterInternal(FormContentFilter.java:93) ~[spring-web-5.3.18.jar:5.3.18]
	at org.springframework.web.filter.OncePerRequestFilter.doFilter(OncePerRequestFilter.java:117) ~[spring-web-5.3.18.jar:5.3.18]
	at org.apache.catalina.core.ApplicationFilterChain.internalDoFilter(ApplicationFilterChain.java:189) ~[tomcat-embed-core-9.0.60.jar:9.0.60]
	at org.apache.catalina.core.ApplicationFilterChain.doFilter(ApplicationFilterChain.java:162) ~[tomcat-embed-core-9.0.60.jar:9.0.60]
	at org.springframework.web.filter.CharacterEncodingFilter.doFilterInternal(CharacterEncodingFilter.java:201) ~[spring-web-5.3.18.jar:5.3.18]
	at org.springframework.web.filter.OncePerRequestFilter.doFilter(OncePerRequestFilter.java:117) ~[spring-web-5.3.18.jar:5.3.18]
	at org.apache.catalina.core.ApplicationFilterChain.internalDoFilter(ApplicationFilterChain.java:189) ~[tomcat-embed-core-9.0.60.jar:9.0.60]
	at org.apache.catalina.core.ApplicationFilterChain.doFilter(ApplicationFilterChain.java:162) ~[tomcat-embed-core-9.0.60.jar:9.0.60]
	at org.apache.catalina.core.StandardWrapperValve.invoke(StandardWrapperValve.java:197) ~[tomcat-embed-core-9.0.60.jar:9.0.60]
	at org.apache.catalina.core.StandardContextValve.invoke(StandardContextValve.java:97) ~[tomcat-embed-core-9.0.60.jar:9.0.60]
	at org.apache.catalina.authenticator.AuthenticatorBase.invoke(AuthenticatorBase.java:541) ~[tomcat-embed-core-9.0.60.jar:9.0.60]
	at org.apache.catalina.core.StandardHostValve.invoke(StandardHostValve.java:135) ~[tomcat-embed-core-9.0.60.jar:9.0.60]
	at org.apache.catalina.valves.ErrorReportValve.invoke(ErrorReportValve.java:92) ~[tomcat-embed-core-9.0.60.jar:9.0.60]
	at org.apache.catalina.core.StandardEngineValve.invoke(StandardEngineValve.java:78) ~[tomcat-embed-core-9.0.60.jar:9.0.60]
	at org.apache.catalina.connector.CoyoteAdapter.service(CoyoteAdapter.java:360) ~[tomcat-embed-core-9.0.60.jar:9.0.60]
	at org.apache.coyote.http11.Http11Processor.service(Http11Processor.java:399) ~[tomcat-embed-core-9.0.60.jar:9.0.60]
	at org.apache.coyote.AbstractProcessorLight.process(AbstractProcessorLight.java:65) ~[tomcat-embed-core-9.0.60.jar:9.0.60]
	at org.apache.coyote.AbstractProtocol$ConnectionHandler.process(AbstractProtocol.java:889) ~[tomcat-embed-core-9.0.60.jar:9.0.60]
	at org.apache.tomcat.util.net.NioEndpoint$SocketProcessor.doRun(NioEndpoint.java:1743) ~[tomcat-embed-core-9.0.60.jar:9.0.60]
	at org.apache.tomcat.util.net.SocketProcessorBase.run(SocketProcessorBase.java:49) ~[tomcat-embed-core-9.0.60.jar:9.0.60]
	at org.apache.tomcat.util.threads.ThreadPoolExecutor.runWorker(ThreadPoolExecutor.java:1191) ~[tomcat-embed-core-9.0.60.jar:9.0.60]
	at org.apache.tomcat.util.threads.ThreadPoolExecutor$Worker.run(ThreadPoolExecutor.java:659) ~[tomcat-embed-core-9.0.60.jar:9.0.60]
	at org.apache.tomcat.util.threads.TaskThread$WrappingRunnable.run(TaskThread.java:61) ~[tomcat-embed-core-9.0.60.jar:9.0.60]
	at java.lang.Thread.run(Thread.java:834) ~[?:?]
