2022-04-18 10:42:14,091 [restartedMain] INFO  ar.com.itrsa.demoCitiBackEnd.DemoCitiBackEndApplication (StartupInfoLogger.java:55) - Starting DemoCitiBackEndApplication using Java 11.0.11 on ITRP0759 with PID 2640 (D:\java\demoCitiBack\target\classes started by Cesar_Ramirez in D:\java\demoCitiBack)
2022-04-18 10:42:14,100 [restartedMain] DEBUG ar.com.itrsa.demoCitiBackEnd.DemoCitiBackEndApplication (StartupInfoLogger.java:56) - Running with Spring Boot v2.6.6, Spring v5.3.18
2022-04-18 10:42:14,101 [restartedMain] INFO  ar.com.itrsa.demoCitiBackEnd.DemoCitiBackEndApplication (SpringApplication.java:640) - No active profile set, falling back to 1 default profile: "default"
2022-04-18 10:42:21,366 [restartedMain] INFO  ar.com.itrsa.demoCitiBackEnd.DemoCitiBackEndApplication (StartupInfoLogger.java:61) - Started DemoCitiBackEndApplication in 7.787 seconds (JVM running for 9.272)
2022-04-18 10:45:00,956 [restartedMain] INFO  ar.com.itrsa.demoCitiBackEnd.DemoCitiBackEndApplication (StartupInfoLogger.java:55) - Starting DemoCitiBackEndApplication using Java 11.0.11 on ITRP0759 with PID 2640 (D:\java\demoCitiBack\target\classes started by Cesar_Ramirez in D:\java\demoCitiBack)
2022-04-18 10:45:00,956 [restartedMain] DEBUG ar.com.itrsa.demoCitiBackEnd.DemoCitiBackEndApplication (StartupInfoLogger.java:56) - Running with Spring Boot v2.6.6, Spring v5.3.18
2022-04-18 10:45:00,957 [restartedMain] INFO  ar.com.itrsa.demoCitiBackEnd.DemoCitiBackEndApplication (SpringApplication.java:640) - No active profile set, falling back to 1 default profile: "default"
2022-04-18 10:45:01,753 [restartedMain] INFO  ar.com.itrsa.demoCitiBackEnd.DemoCitiBackEndApplication (StartupInfoLogger.java:61) - Started DemoCitiBackEndApplication in 0.859 seconds (JVM running for 169.66)
2022-04-18 10:47:57,833 [http-nio-8089-exec-1] INFO  ar.com.itrsa.demoCitiBackEnd.controllers.UsuarioControllerBackEnd (UsuarioControllerBackEnd.java:51) - Obteniendo datos del usuario
2022-04-18 10:47:57,834 [http-nio-8089-exec-1] INFO  ar.com.itrsa.demoCitiBackEnd.services.UsuarioServiceBack (UsuarioServiceBack.java:59) - 1
2022-04-18 10:47:57,834 [http-nio-8089-exec-1] INFO  ar.com.itrsa.demoCitiBackEnd.services.UsuarioServiceBack (UsuarioServiceBack.java:72) - 2
2022-04-18 10:47:57,847 [http-nio-8089-exec-1] INFO  ar.com.itrsa.demoCitiBackEnd.services.UsuarioServiceBack (UsuarioServiceBack.java:84) - 3
2022-04-18 10:47:57,883 [http-nio-8089-exec-1] INFO  ar.com.itrsa.demoCitiBackEnd.services.UsuarioServiceBack (UsuarioServiceBack.java:87) - 4
2022-04-18 10:47:57,923 [http-nio-8089-exec-1] INFO  ar.com.itrsa.demoCitiBackEnd.services.UsuarioServiceBack (UsuarioServiceBack.java:89) - 5
2022-04-18 10:47:57,928 [http-nio-8089-exec-1] ERROR ar.com.itrsa.demoCitiBackEnd.controllers.UsuarioControllerBackEnd (UsuarioControllerBackEnd.java:58) - Error general al obtener datos del usuario
java.lang.NullPointerException: null
	at ar.com.itrsa.demoCitiBackEnd.services.UsuarioServiceBack.obtenerSaldoDesdeElBack(UsuarioServiceBack.java:91) ~[classes/:?]
	at ar.com.itrsa.demoCitiBackEnd.controllers.UsuarioControllerBackEnd.ObtenerSaldo(UsuarioControllerBackEnd.java:52) ~[classes/:?]
	at jdk.internal.reflect.NativeMethodAccessorImpl.invoke0(Native Method) ~[?:?]
	at jdk.internal.reflect.NativeMethodAccessorImpl.invoke(NativeMethodAccessorImpl.java:62) ~[?:?]
	at jdk.internal.reflect.DelegatingMethodAccessorImpl.invoke(DelegatingMethodAccessorImpl.java:43) ~[?:?]
	at java.lang.reflect.Method.invoke(Method.java:566) ~[?:?]
	at org.springframework.web.method.support.InvocableHandlerMethod.doInvoke(InvocableHandlerMethod.java:205) ~[spring-web-5.3.18.jar:5.3.18]
	at org.springframework.web.method.support.InvocableHandlerMethod.invokeForRequest(InvocableHandlerMethod.java:150) ~[spring-web-5.3.18.jar:5.3.18]
	at org.springframework.web.servlet.mvc.method.annotation.ServletInvocableHandlerMethod.invokeAndHandle(ServletInvocableHandlerMethod.java:117) ~[spring-webmvc-5.3.18.jar:5.3.18]
	at org.springframework.web.servlet.mvc.method.annotation.RequestMappingHandlerAdapter.invokeHandlerMethod(RequestMappingHandlerAdapter.java:895) ~[spring-webmvc-5.3.18.jar:5.3.18]
	at org.springframework.web.servlet.mvc.method.annotation.RequestMappingHandlerAdapter.handleInternal(RequestMappingHandlerAdapter.java:808) ~[spring-webmvc-5.3.18.jar:5.3.18]
	at org.springframework.web.servlet.mvc.method.AbstractHandlerMethodAdapter.handle(AbstractHandlerMethodAdapter.java:87) ~[spring-webmvc-5.3.18.jar:5.3.18]
	at org.springframework.web.servlet.DispatcherServlet.doDispatch(DispatcherServlet.java:1067) ~[spring-webmvc-5.3.18.jar:5.3.18]
	at org.springframework.web.servlet.DispatcherServlet.doService(DispatcherServlet.java:963) ~[spring-webmvc-5.3.18.jar:5.3.18]
	at org.springframework.web.servlet.FrameworkServlet.processRequest(FrameworkServlet.java:1006) ~[spring-webmvc-5.3.18.jar:5.3.18]
	at org.springframework.web.servlet.FrameworkServlet.doPost(FrameworkServlet.java:909) ~[spring-webmvc-5.3.18.jar:5.3.18]
	at javax.servlet.http.HttpServlet.service(HttpServlet.java:681) ~[tomcat-embed-core-9.0.60.jar:4.0.FR]
	at org.springframework.web.servlet.FrameworkServlet.service(FrameworkServlet.java:883) ~[spring-webmvc-5.3.18.jar:5.3.18]
	at javax.servlet.http.HttpServlet.service(HttpServlet.java:764) ~[tomcat-embed-core-9.0.60.jar:4.0.FR]
	at org.apache.catalina.core.ApplicationFilterChain.internalDoFilter(ApplicationFilterChain.java:227) ~[tomcat-embed-core-9.0.60.jar:9.0.60]
	at org.apache.catalina.core.ApplicationFilterChain.doFilter(ApplicationFilterChain.java:162) ~[tomcat-embed-core-9.0.60.jar:9.0.60]
	at org.apache.tomcat.websocket.server.WsFilter.doFilter(WsFilter.java:53) ~[tomcat-embed-websocket-9.0.60.jar:9.0.60]
	at org.apache.catalina.core.ApplicationFilterChain.internalDoFilter(ApplicationFilterChain.java:189) ~[tomcat-embed-core-9.0.60.jar:9.0.60]
	at org.apache.catalina.core.ApplicationFilterChain.doFilter(ApplicationFilterChain.java:162) ~[tomcat-embed-core-9.0.60.jar:9.0.60]
	at org.springframework.web.filter.RequestContextFilter.doFilterInternal(RequestContextFilter.java:100) ~[spring-web-5.3.18.jar:5.3.18]
	at org.springframework.web.filter.OncePerRequestFilter.doFilter(OncePerRequestFilter.java:117) ~[spring-web-5.3.18.jar:5.3.18]
	at org.apache.catalina.core.ApplicationFilterChain.internalDoFilter(ApplicationFilterChain.java:189) ~[tomcat-embed-core-9.0.60.jar:9.0.60]
	at org.apache.catalina.core.ApplicationFilterChain.doFilter(ApplicationFilterChain.java:162) ~[tomcat-embed-core-9.0.60.jar:9.0.60]
	at org.springframework.web.filter.FormContentFilter.doFilterInternal(FormContentFilter.java:93) ~[spring-web-5.3.18.jar:5.3.18]
	at org.springframework.web.filter.OncePerRequestFilter.doFilter(OncePerRequestFilter.java:117) ~[spring-web-5.3.18.jar:5.3.18]
	at org.apache.catalina.core.ApplicationFilterChain.internalDoFilter(ApplicationFilterChain.java:189) ~[tomcat-embed-core-9.0.60.jar:9.0.60]
	at org.apache.catalina.core.ApplicationFilterChain.doFilter(ApplicationFilterChain.java:162) ~[tomcat-embed-core-9.0.60.jar:9.0.60]
	at org.springframework.web.filter.CharacterEncodingFilter.doFilterInternal(CharacterEncodingFilter.java:201) ~[spring-web-5.3.18.jar:5.3.18]
	at org.springframework.web.filter.OncePerRequestFilter.doFilter(OncePerRequestFilter.java:117) ~[spring-web-5.3.18.jar:5.3.18]
	at org.apache.catalina.core.ApplicationFilterChain.internalDoFilter(ApplicationFilterChain.java:189) ~[tomcat-embed-core-9.0.60.jar:9.0.60]
	at org.apache.catalina.core.ApplicationFilterChain.doFilter(ApplicationFilterChain.java:162) ~[tomcat-embed-core-9.0.60.jar:9.0.60]
	at org.apache.catalina.core.StandardWrapperValve.invoke(StandardWrapperValve.java:197) ~[tomcat-embed-core-9.0.60.jar:9.0.60]
	at org.apache.catalina.core.StandardContextValve.invoke(StandardContextValve.java:97) ~[tomcat-embed-core-9.0.60.jar:9.0.60]
	at org.apache.catalina.authenticator.AuthenticatorBase.invoke(AuthenticatorBase.java:541) ~[tomcat-embed-core-9.0.60.jar:9.0.60]
	at org.apache.catalina.core.StandardHostValve.invoke(StandardHostValve.java:135) ~[tomcat-embed-core-9.0.60.jar:9.0.60]
	at org.apache.catalina.valves.ErrorReportValve.invoke(ErrorReportValve.java:92) ~[tomcat-embed-core-9.0.60.jar:9.0.60]
	at org.apache.catalina.core.StandardEngineValve.invoke(StandardEngineValve.java:78) ~[tomcat-embed-core-9.0.60.jar:9.0.60]
	at org.apache.catalina.connector.CoyoteAdapter.service(CoyoteAdapter.java:360) ~[tomcat-embed-core-9.0.60.jar:9.0.60]
	at org.apache.coyote.http11.Http11Processor.service(Http11Processor.java:399) ~[tomcat-embed-core-9.0.60.jar:9.0.60]
	at org.apache.coyote.AbstractProcessorLight.process(AbstractProcessorLight.java:65) ~[tomcat-embed-core-9.0.60.jar:9.0.60]
	at org.apache.coyote.AbstractProtocol$ConnectionHandler.process(AbstractProtocol.java:889) ~[tomcat-embed-core-9.0.60.jar:9.0.60]
	at org.apache.tomcat.util.net.NioEndpoint$SocketProcessor.doRun(NioEndpoint.java:1743) ~[tomcat-embed-core-9.0.60.jar:9.0.60]
	at org.apache.tomcat.util.net.SocketProcessorBase.run(SocketProcessorBase.java:49) ~[tomcat-embed-core-9.0.60.jar:9.0.60]
	at org.apache.tomcat.util.threads.ThreadPoolExecutor.runWorker(ThreadPoolExecutor.java:1191) ~[tomcat-embed-core-9.0.60.jar:9.0.60]
	at org.apache.tomcat.util.threads.ThreadPoolExecutor$Worker.run(ThreadPoolExecutor.java:659) ~[tomcat-embed-core-9.0.60.jar:9.0.60]
	at org.apache.tomcat.util.threads.TaskThread$WrappingRunnable.run(TaskThread.java:61) ~[tomcat-embed-core-9.0.60.jar:9.0.60]
	at java.lang.Thread.run(Thread.java:834) ~[?:?]
2022-04-18 10:48:32,333 [http-nio-8089-exec-2] INFO  ar.com.itrsa.demoCitiBackEnd.controllers.UsuarioControllerBackEnd (UsuarioControllerBackEnd.java:51) - Obteniendo datos del usuario
2022-04-18 10:48:32,333 [http-nio-8089-exec-2] INFO  ar.com.itrsa.demoCitiBackEnd.services.UsuarioServiceBack (UsuarioServiceBack.java:59) - 1
2022-04-18 10:48:32,333 [http-nio-8089-exec-2] INFO  ar.com.itrsa.demoCitiBackEnd.services.UsuarioServiceBack (UsuarioServiceBack.java:72) - 2
2022-04-18 10:48:32,333 [http-nio-8089-exec-2] INFO  ar.com.itrsa.demoCitiBackEnd.services.UsuarioServiceBack (UsuarioServiceBack.java:84) - 3
2022-04-18 10:48:32,340 [http-nio-8089-exec-2] INFO  ar.com.itrsa.demoCitiBackEnd.services.UsuarioServiceBack (UsuarioServiceBack.java:87) - 4
2022-04-18 10:48:32,343 [http-nio-8089-exec-2] INFO  ar.com.itrsa.demoCitiBackEnd.services.UsuarioServiceBack (UsuarioServiceBack.java:89) - 5
2022-04-18 10:48:32,343 [http-nio-8089-exec-2] ERROR ar.com.itrsa.demoCitiBackEnd.controllers.UsuarioControllerBackEnd (UsuarioControllerBackEnd.java:58) - Error general al obtener datos del usuario
java.lang.NullPointerException: null
	at ar.com.itrsa.demoCitiBackEnd.services.UsuarioServiceBack.obtenerSaldoDesdeElBack(UsuarioServiceBack.java:91) ~[classes/:?]
	at ar.com.itrsa.demoCitiBackEnd.controllers.UsuarioControllerBackEnd.ObtenerSaldo(UsuarioControllerBackEnd.java:52) ~[classes/:?]
	at jdk.internal.reflect.NativeMethodAccessorImpl.invoke0(Native Method) ~[?:?]
	at jdk.internal.reflect.NativeMethodAccessorImpl.invoke(NativeMethodAccessorImpl.java:62) ~[?:?]
	at jdk.internal.reflect.DelegatingMethodAccessorImpl.invoke(DelegatingMethodAccessorImpl.java:43) ~[?:?]
	at java.lang.reflect.Method.invoke(Method.java:566) ~[?:?]
	at org.springframework.web.method.support.InvocableHandlerMethod.doInvoke(InvocableHandlerMethod.java:205) ~[spring-web-5.3.18.jar:5.3.18]
	at org.springframework.web.method.support.InvocableHandlerMethod.invokeForRequest(InvocableHandlerMethod.java:150) ~[spring-web-5.3.18.jar:5.3.18]
	at org.springframework.web.servlet.mvc.method.annotation.ServletInvocableHandlerMethod.invokeAndHandle(ServletInvocableHandlerMethod.java:117) ~[spring-webmvc-5.3.18.jar:5.3.18]
	at org.springframework.web.servlet.mvc.method.annotation.RequestMappingHandlerAdapter.invokeHandlerMethod(RequestMappingHandlerAdapter.java:895) ~[spring-webmvc-5.3.18.jar:5.3.18]
	at org.springframework.web.servlet.mvc.method.annotation.RequestMappingHandlerAdapter.handleInternal(RequestMappingHandlerAdapter.java:808) ~[spring-webmvc-5.3.18.jar:5.3.18]
	at org.springframework.web.servlet.mvc.method.AbstractHandlerMethodAdapter.handle(AbstractHandlerMethodAdapter.java:87) ~[spring-webmvc-5.3.18.jar:5.3.18]
	at org.springframework.web.servlet.DispatcherServlet.doDispatch(DispatcherServlet.java:1067) ~[spring-webmvc-5.3.18.jar:5.3.18]
	at org.springframework.web.servlet.DispatcherServlet.doService(DispatcherServlet.java:963) ~[spring-webmvc-5.3.18.jar:5.3.18]
	at org.springframework.web.servlet.FrameworkServlet.processRequest(FrameworkServlet.java:1006) ~[spring-webmvc-5.3.18.jar:5.3.18]
	at org.springframework.web.servlet.FrameworkServlet.doPost(FrameworkServlet.java:909) ~[spring-webmvc-5.3.18.jar:5.3.18]
	at javax.servlet.http.HttpServlet.service(HttpServlet.java:681) ~[tomcat-embed-core-9.0.60.jar:4.0.FR]
	at org.springframework.web.servlet.FrameworkServlet.service(FrameworkServlet.java:883) ~[spring-webmvc-5.3.18.jar:5.3.18]
	at javax.servlet.http.HttpServlet.service(HttpServlet.java:764) ~[tomcat-embed-core-9.0.60.jar:4.0.FR]
	at org.apache.catalina.core.ApplicationFilterChain.internalDoFilter(ApplicationFilterChain.java:227) ~[tomcat-embed-core-9.0.60.jar:9.0.60]
	at org.apache.catalina.core.ApplicationFilterChain.doFilter(ApplicationFilterChain.java:162) ~[tomcat-embed-core-9.0.60.jar:9.0.60]
	at org.apache.tomcat.websocket.server.WsFilter.doFilter(WsFilter.java:53) ~[tomcat-embed-websocket-9.0.60.jar:9.0.60]
	at org.apache.catalina.core.ApplicationFilterChain.internalDoFilter(ApplicationFilterChain.java:189) ~[tomcat-embed-core-9.0.60.jar:9.0.60]
	at org.apache.catalina.core.ApplicationFilterChain.doFilter(ApplicationFilterChain.java:162) ~[tomcat-embed-core-9.0.60.jar:9.0.60]
	at org.springframework.web.filter.RequestContextFilter.doFilterInternal(RequestContextFilter.java:100) ~[spring-web-5.3.18.jar:5.3.18]
	at org.springframework.web.filter.OncePerRequestFilter.doFilter(OncePerRequestFilter.java:117) ~[spring-web-5.3.18.jar:5.3.18]
	at org.apache.catalina.core.ApplicationFilterChain.internalDoFilter(ApplicationFilterChain.java:189) ~[tomcat-embed-core-9.0.60.jar:9.0.60]
	at org.apache.catalina.core.ApplicationFilterChain.doFilter(ApplicationFilterChain.java:162) ~[tomcat-embed-core-9.0.60.jar:9.0.60]
	at org.springframework.web.filter.FormContentFilter.doFilterInternal(FormContentFilter.java:93) ~[spring-web-5.3.18.jar:5.3.18]
	at org.springframework.web.filter.OncePerRequestFilter.doFilter(OncePerRequestFilter.java:117) ~[spring-web-5.3.18.jar:5.3.18]
	at org.apache.catalina.core.ApplicationFilterChain.internalDoFilter(ApplicationFilterChain.java:189) ~[tomcat-embed-core-9.0.60.jar:9.0.60]
	at org.apache.catalina.core.ApplicationFilterChain.doFilter(ApplicationFilterChain.java:162) ~[tomcat-embed-core-9.0.60.jar:9.0.60]
	at org.springframework.web.filter.CharacterEncodingFilter.doFilterInternal(CharacterEncodingFilter.java:201) ~[spring-web-5.3.18.jar:5.3.18]
	at org.springframework.web.filter.OncePerRequestFilter.doFilter(OncePerRequestFilter.java:117) ~[spring-web-5.3.18.jar:5.3.18]
	at org.apache.catalina.core.ApplicationFilterChain.internalDoFilter(ApplicationFilterChain.java:189) ~[tomcat-embed-core-9.0.60.jar:9.0.60]
	at org.apache.catalina.core.ApplicationFilterChain.doFilter(ApplicationFilterChain.java:162) ~[tomcat-embed-core-9.0.60.jar:9.0.60]
	at org.apache.catalina.core.StandardWrapperValve.invoke(StandardWrapperValve.java:197) ~[tomcat-embed-core-9.0.60.jar:9.0.60]
	at org.apache.catalina.core.StandardContextValve.invoke(StandardContextValve.java:97) ~[tomcat-embed-core-9.0.60.jar:9.0.60]
	at org.apache.catalina.authenticator.AuthenticatorBase.invoke(AuthenticatorBase.java:541) ~[tomcat-embed-core-9.0.60.jar:9.0.60]
	at org.apache.catalina.core.StandardHostValve.invoke(StandardHostValve.java:135) ~[tomcat-embed-core-9.0.60.jar:9.0.60]
	at org.apache.catalina.valves.ErrorReportValve.invoke(ErrorReportValve.java:92) ~[tomcat-embed-core-9.0.60.jar:9.0.60]
	at org.apache.catalina.core.StandardEngineValve.invoke(StandardEngineValve.java:78) ~[tomcat-embed-core-9.0.60.jar:9.0.60]
	at org.apache.catalina.connector.CoyoteAdapter.service(CoyoteAdapter.java:360) ~[tomcat-embed-core-9.0.60.jar:9.0.60]
	at org.apache.coyote.http11.Http11Processor.service(Http11Processor.java:399) ~[tomcat-embed-core-9.0.60.jar:9.0.60]
	at org.apache.coyote.AbstractProcessorLight.process(AbstractProcessorLight.java:65) ~[tomcat-embed-core-9.0.60.jar:9.0.60]
	at org.apache.coyote.AbstractProtocol$ConnectionHandler.process(AbstractProtocol.java:889) ~[tomcat-embed-core-9.0.60.jar:9.0.60]
	at org.apache.tomcat.util.net.NioEndpoint$SocketProcessor.doRun(NioEndpoint.java:1743) ~[tomcat-embed-core-9.0.60.jar:9.0.60]
	at org.apache.tomcat.util.net.SocketProcessorBase.run(SocketProcessorBase.java:49) ~[tomcat-embed-core-9.0.60.jar:9.0.60]
	at org.apache.tomcat.util.threads.ThreadPoolExecutor.runWorker(ThreadPoolExecutor.java:1191) ~[tomcat-embed-core-9.0.60.jar:9.0.60]
	at org.apache.tomcat.util.threads.ThreadPoolExecutor$Worker.run(ThreadPoolExecutor.java:659) ~[tomcat-embed-core-9.0.60.jar:9.0.60]
	at org.apache.tomcat.util.threads.TaskThread$WrappingRunnable.run(TaskThread.java:61) ~[tomcat-embed-core-9.0.60.jar:9.0.60]
	at java.lang.Thread.run(Thread.java:834) ~[?:?]
2022-04-18 10:49:55,278 [http-nio-8089-exec-3] INFO  ar.com.itrsa.demoCitiBackEnd.controllers.UsuarioControllerBackEnd (UsuarioControllerBackEnd.java:51) - Obteniendo datos del usuario
2022-04-18 10:49:55,279 [http-nio-8089-exec-3] INFO  ar.com.itrsa.demoCitiBackEnd.services.UsuarioServiceBack (UsuarioServiceBack.java:59) - 1
2022-04-18 10:49:55,279 [http-nio-8089-exec-3] INFO  ar.com.itrsa.demoCitiBackEnd.services.UsuarioServiceBack (UsuarioServiceBack.java:72) - 2
2022-04-18 10:49:55,279 [http-nio-8089-exec-3] INFO  ar.com.itrsa.demoCitiBackEnd.services.UsuarioServiceBack (UsuarioServiceBack.java:84) - 3
2022-04-18 10:49:55,283 [http-nio-8089-exec-3] INFO  ar.com.itrsa.demoCitiBackEnd.services.UsuarioServiceBack (UsuarioServiceBack.java:87) - 4
2022-04-18 10:49:55,294 [http-nio-8089-exec-3] INFO  ar.com.itrsa.demoCitiBackEnd.services.UsuarioServiceBack (UsuarioServiceBack.java:89) - 5
2022-04-18 10:49:55,294 [http-nio-8089-exec-3] INFO  ar.com.itrsa.demoCitiBackEnd.services.UsuarioServiceBack (UsuarioServiceBack.java:91) - Matias Gonzalez
2022-04-18 10:49:55,294 [http-nio-8089-exec-3] INFO  ar.com.itrsa.demoCitiBackEnd.services.UsuarioServiceBack (UsuarioServiceBack.java:92) - Matias@gmail.com
2022-04-18 10:49:55,294 [http-nio-8089-exec-3] INFO  ar.com.itrsa.demoCitiBackEnd.services.UsuarioServiceBack (UsuarioServiceBack.java:93) - 1234567890789
2022-04-18 10:49:55,294 [http-nio-8089-exec-3] INFO  ar.com.itrsa.demoCitiBackEnd.services.UsuarioServiceBack (UsuarioServiceBack.java:94) - 35311001
2022-04-18 10:49:55,294 [http-nio-8089-exec-3] INFO  ar.com.itrsa.demoCitiBackEnd.services.UsuarioServiceBack (UsuarioServiceBack.java:95) - TipoDocumentoModel [id=1, nombre=DNI, descripcion=Documento Nacional de Identidad]
